<?xml version="1.0" encoding="UTF-8"?>
<!-- Generated by org.testng.reporters.JUnitReportReporter -->
<testsuite hostname="NOI1845" failures="0" tests="1" name="com.chenna.rs.interview.PathAndQueryParams" time="1.803" errors="0" timestamp="7 Apr 2024 12:32:11 GMT">
  <testcase classname="com.chenna.rs.interview.PathAndQueryParams" name="pathAndQueryParam" time="1.803"/>
</testsuite> <!-- com.chenna.rs.interview.PathAndQueryParams -->
