<?xml version="1.0" encoding="UTF-8"?>
<!-- Generated by org.testng.reporters.JUnitReportReporter -->
<testsuite hostname="NOI1845" failures="0" tests="2" name="com.chenna.rs.interview.RestAssuredSample" time="4.695" errors="0" timestamp="18 Mar 2024 09:37:47 GMT">
  <testcase classname="com.chenna.rs.interview.RestAssuredSample" name="createUser" time="1.146"/>
  <testcase classname="com.chenna.rs.interview.RestAssuredSample" name="getUsers" time="3.549"/>
</testsuite> <!-- com.chenna.rs.interview.RestAssuredSample -->
