<?xml version="1.0" encoding="UTF-8"?>
<!-- Generated by org.testng.reporters.JUnitReportReporter -->
<testsuite hostname="NOI1845" failures="0" tests="3" name="com.chenna.rs.interview.CookieValidation" time="3.530" errors="0" timestamp="19 Mar 2024 08:55:52 GMT">
  <testcase classname="com.chenna.rs.interview.CookieValidation" name="getCookie" time="2.356"/>
  <testcase classname="com.chenna.rs.interview.CookieValidation" name="validateHeaders" time="0.704"/>
  <testcase classname="com.chenna.rs.interview.CookieValidation" name="getHeaders" time="0.470"/>
</testsuite> <!-- com.chenna.rs.interview.CookieValidation -->
