<?xml version="1.0" encoding="UTF-8"?>
<!-- Generated by org.testng.reporters.JUnitReportReporter -->
<testsuite hostname="NOI1845" failures="0" tests="4" name="com.chenna.rs.interview.DifferentWaysToCreateRequestBody" time="5.767" errors="0" timestamp="18 Mar 2024 10:32:38 GMT">
  <testcase classname="com.chenna.rs.interview.DifferentWaysToCreateRequestBody" name="createUserUsingJSONFile" time="0.527"/>
  <testcase classname="com.chenna.rs.interview.DifferentWaysToCreateRequestBody" name="createUserHashMap" time="3.199"/>
  <testcase classname="com.chenna.rs.interview.DifferentWaysToCreateRequestBody" name="createUserUsingPOJOClass" time="0.534"/>
  <testcase classname="com.chenna.rs.interview.DifferentWaysToCreateRequestBody" name="createUserUsingJSONObject" time="1.507"/>
</testsuite> <!-- com.chenna.rs.interview.DifferentWaysToCreateRequestBody -->
